[2023-09-04T19:21:49.903+0000] {processor.py:157} INFO - Started process (PID=30) to work on /opt/airflow/dags/s3_upload_xcom.py
[2023-09-04T19:21:49.904+0000] {processor.py:829} INFO - Processing file /opt/airflow/dags/s3_upload_xcom.py for tasks to queue
[2023-09-04T19:21:49.906+0000] {logging_mixin.py:151} INFO - [2023-09-04T19:21:49.906+0000] {dagbag.py:539} INFO - Filling up the DagBag from /opt/airflow/dags/s3_upload_xcom.py
[2023-09-04T19:21:50.425+0000] {processor.py:839} INFO - DAG(s) dict_keys(['s3_upload']) retrieved from /opt/airflow/dags/s3_upload_xcom.py
[2023-09-04T19:21:50.536+0000] {logging_mixin.py:151} INFO - [2023-09-04T19:21:50.536+0000] {dag.py:2907} INFO - Sync 1 DAGs
[2023-09-04T19:21:50.550+0000] {logging_mixin.py:151} INFO - [2023-09-04T19:21:50.550+0000] {dag.py:3677} INFO - Setting next_dagrun for s3_upload to 2023-09-01T00:00:00+00:00, run_after=2023-10-01T00:00:00+00:00
[2023-09-04T19:21:50.564+0000] {processor.py:179} INFO - Processing /opt/airflow/dags/s3_upload_xcom.py took 0.664 seconds
[2023-09-04T19:22:21.181+0000] {processor.py:157} INFO - Started process (PID=39) to work on /opt/airflow/dags/s3_upload_xcom.py
[2023-09-04T19:22:21.183+0000] {processor.py:829} INFO - Processing file /opt/airflow/dags/s3_upload_xcom.py for tasks to queue
[2023-09-04T19:22:21.195+0000] {logging_mixin.py:151} INFO - [2023-09-04T19:22:21.194+0000] {dagbag.py:539} INFO - Filling up the DagBag from /opt/airflow/dags/s3_upload_xcom.py
[2023-09-04T19:22:21.410+0000] {processor.py:839} INFO - DAG(s) dict_keys(['s3_upload']) retrieved from /opt/airflow/dags/s3_upload_xcom.py
[2023-09-04T19:22:21.432+0000] {logging_mixin.py:151} INFO - [2023-09-04T19:22:21.431+0000] {dag.py:2907} INFO - Sync 1 DAGs
[2023-09-04T19:22:21.448+0000] {logging_mixin.py:151} INFO - [2023-09-04T19:22:21.448+0000] {dag.py:3677} INFO - Setting next_dagrun for s3_upload to 2023-09-01T00:00:00+00:00, run_after=2023-10-01T00:00:00+00:00
[2023-09-04T19:22:21.458+0000] {processor.py:179} INFO - Processing /opt/airflow/dags/s3_upload_xcom.py took 0.283 seconds
[2023-09-04T19:22:42.675+0000] {processor.py:157} INFO - Started process (PID=41) to work on /opt/airflow/dags/s3_upload_xcom.py
[2023-09-04T19:22:42.677+0000] {processor.py:829} INFO - Processing file /opt/airflow/dags/s3_upload_xcom.py for tasks to queue
[2023-09-04T19:22:42.681+0000] {logging_mixin.py:151} INFO - [2023-09-04T19:22:42.680+0000] {dagbag.py:539} INFO - Filling up the DagBag from /opt/airflow/dags/s3_upload_xcom.py
[2023-09-04T19:22:42.875+0000] {processor.py:839} INFO - DAG(s) dict_keys(['s3_upload_xcom']) retrieved from /opt/airflow/dags/s3_upload_xcom.py
[2023-09-04T19:22:42.924+0000] {logging_mixin.py:151} INFO - [2023-09-04T19:22:42.924+0000] {manager.py:501} INFO - Created Permission View: can edit on DAG:s3_upload_xcom
[2023-09-04T19:22:42.930+0000] {logging_mixin.py:151} INFO - [2023-09-04T19:22:42.930+0000] {manager.py:501} INFO - Created Permission View: can delete on DAG:s3_upload_xcom
[2023-09-04T19:22:42.934+0000] {logging_mixin.py:151} INFO - [2023-09-04T19:22:42.933+0000] {manager.py:501} INFO - Created Permission View: can read on DAG:s3_upload_xcom
[2023-09-04T19:22:42.940+0000] {logging_mixin.py:151} INFO - [2023-09-04T19:22:42.939+0000] {dag.py:2907} INFO - Sync 1 DAGs
[2023-09-04T19:22:42.944+0000] {logging_mixin.py:151} INFO - [2023-09-04T19:22:42.944+0000] {dag.py:2929} INFO - Creating ORM DAG for s3_upload_xcom
[2023-09-04T19:22:42.949+0000] {logging_mixin.py:151} INFO - [2023-09-04T19:22:42.949+0000] {dag.py:3677} INFO - Setting next_dagrun for s3_upload_xcom to 2023-08-01T00:00:00+00:00, run_after=2023-09-01T00:00:00+00:00
[2023-09-04T19:22:42.958+0000] {processor.py:179} INFO - Processing /opt/airflow/dags/s3_upload_xcom.py took 0.289 seconds
[2023-09-04T19:23:13.308+0000] {processor.py:157} INFO - Started process (PID=50) to work on /opt/airflow/dags/s3_upload_xcom.py
[2023-09-04T19:23:13.311+0000] {processor.py:829} INFO - Processing file /opt/airflow/dags/s3_upload_xcom.py for tasks to queue
[2023-09-04T19:23:13.314+0000] {logging_mixin.py:151} INFO - [2023-09-04T19:23:13.313+0000] {dagbag.py:539} INFO - Filling up the DagBag from /opt/airflow/dags/s3_upload_xcom.py
[2023-09-04T19:23:13.417+0000] {processor.py:839} INFO - DAG(s) dict_keys(['s3_upload_xcom']) retrieved from /opt/airflow/dags/s3_upload_xcom.py
[2023-09-04T19:23:13.431+0000] {logging_mixin.py:151} INFO - [2023-09-04T19:23:13.431+0000] {dag.py:2907} INFO - Sync 1 DAGs
[2023-09-04T19:23:13.442+0000] {logging_mixin.py:151} INFO - [2023-09-04T19:23:13.442+0000] {dag.py:3677} INFO - Setting next_dagrun for s3_upload_xcom to 2023-08-01T00:00:00+00:00, run_after=2023-09-01T00:00:00+00:00
[2023-09-04T19:23:13.452+0000] {processor.py:179} INFO - Processing /opt/airflow/dags/s3_upload_xcom.py took 0.149 seconds
[2023-09-04T19:23:43.703+0000] {processor.py:157} INFO - Started process (PID=60) to work on /opt/airflow/dags/s3_upload_xcom.py
[2023-09-04T19:23:43.705+0000] {processor.py:829} INFO - Processing file /opt/airflow/dags/s3_upload_xcom.py for tasks to queue
[2023-09-04T19:23:43.708+0000] {logging_mixin.py:151} INFO - [2023-09-04T19:23:43.708+0000] {dagbag.py:539} INFO - Filling up the DagBag from /opt/airflow/dags/s3_upload_xcom.py
[2023-09-04T19:23:43.808+0000] {processor.py:839} INFO - DAG(s) dict_keys(['s3_upload_xcom']) retrieved from /opt/airflow/dags/s3_upload_xcom.py
[2023-09-04T19:23:43.822+0000] {logging_mixin.py:151} INFO - [2023-09-04T19:23:43.822+0000] {dag.py:2907} INFO - Sync 1 DAGs
[2023-09-04T19:23:43.834+0000] {logging_mixin.py:151} INFO - [2023-09-04T19:23:43.833+0000] {dag.py:3677} INFO - Setting next_dagrun for s3_upload_xcom to 2023-08-01T00:00:00+00:00, run_after=2023-09-01T00:00:00+00:00
[2023-09-04T19:23:43.842+0000] {processor.py:179} INFO - Processing /opt/airflow/dags/s3_upload_xcom.py took 0.143 seconds
[2023-09-04T19:24:14.162+0000] {processor.py:157} INFO - Started process (PID=79) to work on /opt/airflow/dags/s3_upload_xcom.py
[2023-09-04T19:24:14.165+0000] {processor.py:829} INFO - Processing file /opt/airflow/dags/s3_upload_xcom.py for tasks to queue
[2023-09-04T19:24:14.168+0000] {logging_mixin.py:151} INFO - [2023-09-04T19:24:14.168+0000] {dagbag.py:539} INFO - Filling up the DagBag from /opt/airflow/dags/s3_upload_xcom.py
[2023-09-04T19:24:14.270+0000] {processor.py:839} INFO - DAG(s) dict_keys(['s3_upload_xcom']) retrieved from /opt/airflow/dags/s3_upload_xcom.py
[2023-09-04T19:24:14.283+0000] {logging_mixin.py:151} INFO - [2023-09-04T19:24:14.283+0000] {dag.py:2907} INFO - Sync 1 DAGs
[2023-09-04T19:24:14.295+0000] {logging_mixin.py:151} INFO - [2023-09-04T19:24:14.295+0000] {dag.py:3677} INFO - Setting next_dagrun for s3_upload_xcom to 2023-09-01T00:00:00+00:00, run_after=2023-10-01T00:00:00+00:00
[2023-09-04T19:24:14.303+0000] {processor.py:179} INFO - Processing /opt/airflow/dags/s3_upload_xcom.py took 0.146 seconds
[2023-09-04T19:24:44.596+0000] {processor.py:157} INFO - Started process (PID=88) to work on /opt/airflow/dags/s3_upload_xcom.py
[2023-09-04T19:24:44.598+0000] {processor.py:829} INFO - Processing file /opt/airflow/dags/s3_upload_xcom.py for tasks to queue
[2023-09-04T19:24:44.601+0000] {logging_mixin.py:151} INFO - [2023-09-04T19:24:44.601+0000] {dagbag.py:539} INFO - Filling up the DagBag from /opt/airflow/dags/s3_upload_xcom.py
[2023-09-04T19:24:44.699+0000] {processor.py:839} INFO - DAG(s) dict_keys(['s3_upload_xcom']) retrieved from /opt/airflow/dags/s3_upload_xcom.py
[2023-09-04T19:24:44.713+0000] {logging_mixin.py:151} INFO - [2023-09-04T19:24:44.713+0000] {dag.py:2907} INFO - Sync 1 DAGs
[2023-09-04T19:24:44.724+0000] {logging_mixin.py:151} INFO - [2023-09-04T19:24:44.724+0000] {dag.py:3677} INFO - Setting next_dagrun for s3_upload_xcom to 2023-09-01T00:00:00+00:00, run_after=2023-10-01T00:00:00+00:00
[2023-09-04T19:24:44.733+0000] {processor.py:179} INFO - Processing /opt/airflow/dags/s3_upload_xcom.py took 0.141 seconds
[2023-09-04T19:25:15.059+0000] {processor.py:157} INFO - Started process (PID=97) to work on /opt/airflow/dags/s3_upload_xcom.py
[2023-09-04T19:25:15.060+0000] {processor.py:829} INFO - Processing file /opt/airflow/dags/s3_upload_xcom.py for tasks to queue
[2023-09-04T19:25:15.062+0000] {logging_mixin.py:151} INFO - [2023-09-04T19:25:15.062+0000] {dagbag.py:539} INFO - Filling up the DagBag from /opt/airflow/dags/s3_upload_xcom.py
[2023-09-04T19:25:15.168+0000] {processor.py:839} INFO - DAG(s) dict_keys(['s3_upload_xcom']) retrieved from /opt/airflow/dags/s3_upload_xcom.py
[2023-09-04T19:25:15.183+0000] {logging_mixin.py:151} INFO - [2023-09-04T19:25:15.183+0000] {dag.py:2907} INFO - Sync 1 DAGs
[2023-09-04T19:25:15.195+0000] {logging_mixin.py:151} INFO - [2023-09-04T19:25:15.195+0000] {dag.py:3677} INFO - Setting next_dagrun for s3_upload_xcom to 2023-09-01T00:00:00+00:00, run_after=2023-10-01T00:00:00+00:00
[2023-09-04T19:25:15.205+0000] {processor.py:179} INFO - Processing /opt/airflow/dags/s3_upload_xcom.py took 0.149 seconds
[2023-09-04T19:25:45.487+0000] {processor.py:157} INFO - Started process (PID=106) to work on /opt/airflow/dags/s3_upload_xcom.py
[2023-09-04T19:25:45.490+0000] {processor.py:829} INFO - Processing file /opt/airflow/dags/s3_upload_xcom.py for tasks to queue
[2023-09-04T19:25:45.493+0000] {logging_mixin.py:151} INFO - [2023-09-04T19:25:45.492+0000] {dagbag.py:539} INFO - Filling up the DagBag from /opt/airflow/dags/s3_upload_xcom.py
[2023-09-04T19:25:45.595+0000] {processor.py:839} INFO - DAG(s) dict_keys(['s3_upload_xcom']) retrieved from /opt/airflow/dags/s3_upload_xcom.py
[2023-09-04T19:25:45.608+0000] {logging_mixin.py:151} INFO - [2023-09-04T19:25:45.608+0000] {dag.py:2907} INFO - Sync 1 DAGs
[2023-09-04T19:25:45.619+0000] {logging_mixin.py:151} INFO - [2023-09-04T19:25:45.619+0000] {dag.py:3677} INFO - Setting next_dagrun for s3_upload_xcom to 2023-09-01T00:00:00+00:00, run_after=2023-10-01T00:00:00+00:00
[2023-09-04T19:25:45.628+0000] {processor.py:179} INFO - Processing /opt/airflow/dags/s3_upload_xcom.py took 0.145 seconds
[2023-09-04T19:25:55.710+0000] {processor.py:157} INFO - Started process (PID=108) to work on /opt/airflow/dags/s3_upload_xcom.py
[2023-09-04T19:25:55.712+0000] {processor.py:829} INFO - Processing file /opt/airflow/dags/s3_upload_xcom.py for tasks to queue
[2023-09-04T19:25:55.714+0000] {logging_mixin.py:151} INFO - [2023-09-04T19:25:55.714+0000] {dagbag.py:539} INFO - Filling up the DagBag from /opt/airflow/dags/s3_upload_xcom.py
[2023-09-04T19:25:55.826+0000] {processor.py:839} INFO - DAG(s) dict_keys(['s3_upload_xcom']) retrieved from /opt/airflow/dags/s3_upload_xcom.py
[2023-09-04T19:25:55.880+0000] {logging_mixin.py:151} INFO - [2023-09-04T19:25:55.880+0000] {dag.py:2907} INFO - Sync 1 DAGs
[2023-09-04T19:25:55.891+0000] {logging_mixin.py:151} INFO - [2023-09-04T19:25:55.891+0000] {dag.py:3677} INFO - Setting next_dagrun for s3_upload_xcom to 2023-09-01T00:00:00+00:00, run_after=2023-10-01T00:00:00+00:00
[2023-09-04T19:25:55.902+0000] {processor.py:179} INFO - Processing /opt/airflow/dags/s3_upload_xcom.py took 0.195 seconds
[2023-09-04T19:26:26.202+0000] {processor.py:157} INFO - Started process (PID=117) to work on /opt/airflow/dags/s3_upload_xcom.py
[2023-09-04T19:26:26.205+0000] {processor.py:829} INFO - Processing file /opt/airflow/dags/s3_upload_xcom.py for tasks to queue
[2023-09-04T19:26:26.208+0000] {logging_mixin.py:151} INFO - [2023-09-04T19:26:26.208+0000] {dagbag.py:539} INFO - Filling up the DagBag from /opt/airflow/dags/s3_upload_xcom.py
[2023-09-04T19:26:26.317+0000] {processor.py:839} INFO - DAG(s) dict_keys(['s3_upload_xcom']) retrieved from /opt/airflow/dags/s3_upload_xcom.py
[2023-09-04T19:26:26.331+0000] {logging_mixin.py:151} INFO - [2023-09-04T19:26:26.331+0000] {dag.py:2907} INFO - Sync 1 DAGs
[2023-09-04T19:26:26.344+0000] {logging_mixin.py:151} INFO - [2023-09-04T19:26:26.344+0000] {dag.py:3677} INFO - Setting next_dagrun for s3_upload_xcom to 2023-09-01T00:00:00+00:00, run_after=2023-10-01T00:00:00+00:00
[2023-09-04T19:26:26.354+0000] {processor.py:179} INFO - Processing /opt/airflow/dags/s3_upload_xcom.py took 0.158 seconds
[2023-09-04T19:26:56.587+0000] {processor.py:157} INFO - Started process (PID=126) to work on /opt/airflow/dags/s3_upload_xcom.py
[2023-09-04T19:26:56.589+0000] {processor.py:829} INFO - Processing file /opt/airflow/dags/s3_upload_xcom.py for tasks to queue
[2023-09-04T19:26:56.594+0000] {logging_mixin.py:151} INFO - [2023-09-04T19:26:56.594+0000] {dagbag.py:539} INFO - Filling up the DagBag from /opt/airflow/dags/s3_upload_xcom.py
[2023-09-04T19:26:56.697+0000] {processor.py:839} INFO - DAG(s) dict_keys(['s3_upload_xcom']) retrieved from /opt/airflow/dags/s3_upload_xcom.py
[2023-09-04T19:26:56.713+0000] {logging_mixin.py:151} INFO - [2023-09-04T19:26:56.713+0000] {dag.py:2907} INFO - Sync 1 DAGs
[2023-09-04T19:26:56.726+0000] {logging_mixin.py:151} INFO - [2023-09-04T19:26:56.726+0000] {dag.py:3677} INFO - Setting next_dagrun for s3_upload_xcom to 2023-09-01T00:00:00+00:00, run_after=2023-10-01T00:00:00+00:00
[2023-09-04T19:26:56.735+0000] {processor.py:179} INFO - Processing /opt/airflow/dags/s3_upload_xcom.py took 0.154 seconds
[2023-09-04T19:26:59.752+0000] {processor.py:157} INFO - Started process (PID=127) to work on /opt/airflow/dags/s3_upload_xcom.py
[2023-09-04T19:26:59.754+0000] {processor.py:829} INFO - Processing file /opt/airflow/dags/s3_upload_xcom.py for tasks to queue
[2023-09-04T19:26:59.758+0000] {logging_mixin.py:151} INFO - [2023-09-04T19:26:59.757+0000] {dagbag.py:539} INFO - Filling up the DagBag from /opt/airflow/dags/s3_upload_xcom.py
[2023-09-04T19:26:59.869+0000] {processor.py:839} INFO - DAG(s) dict_keys(['s3_upload_xcom']) retrieved from /opt/airflow/dags/s3_upload_xcom.py
[2023-09-04T19:26:59.886+0000] {logging_mixin.py:151} INFO - [2023-09-04T19:26:59.885+0000] {dag.py:2907} INFO - Sync 1 DAGs
[2023-09-04T19:26:59.898+0000] {logging_mixin.py:151} INFO - [2023-09-04T19:26:59.898+0000] {dag.py:3677} INFO - Setting next_dagrun for s3_upload_xcom to 2023-09-01T00:00:00+00:00, run_after=2023-10-01T00:00:00+00:00
[2023-09-04T19:26:59.909+0000] {processor.py:179} INFO - Processing /opt/airflow/dags/s3_upload_xcom.py took 0.163 seconds
[2023-09-04T19:27:30.177+0000] {processor.py:157} INFO - Started process (PID=136) to work on /opt/airflow/dags/s3_upload_xcom.py
[2023-09-04T19:27:30.180+0000] {processor.py:829} INFO - Processing file /opt/airflow/dags/s3_upload_xcom.py for tasks to queue
[2023-09-04T19:27:30.183+0000] {logging_mixin.py:151} INFO - [2023-09-04T19:27:30.183+0000] {dagbag.py:539} INFO - Filling up the DagBag from /opt/airflow/dags/s3_upload_xcom.py
[2023-09-04T19:27:30.285+0000] {processor.py:839} INFO - DAG(s) dict_keys(['s3_upload_xcom']) retrieved from /opt/airflow/dags/s3_upload_xcom.py
[2023-09-04T19:27:30.299+0000] {logging_mixin.py:151} INFO - [2023-09-04T19:27:30.299+0000] {dag.py:2907} INFO - Sync 1 DAGs
[2023-09-04T19:27:30.310+0000] {logging_mixin.py:151} INFO - [2023-09-04T19:27:30.310+0000] {dag.py:3677} INFO - Setting next_dagrun for s3_upload_xcom to 2023-09-01T00:00:00+00:00, run_after=2023-10-01T00:00:00+00:00
[2023-09-04T19:27:30.320+0000] {processor.py:179} INFO - Processing /opt/airflow/dags/s3_upload_xcom.py took 0.148 seconds
[2023-09-04T19:28:00.647+0000] {processor.py:157} INFO - Started process (PID=144) to work on /opt/airflow/dags/s3_upload_xcom.py
[2023-09-04T19:28:00.650+0000] {processor.py:829} INFO - Processing file /opt/airflow/dags/s3_upload_xcom.py for tasks to queue
[2023-09-04T19:28:00.653+0000] {logging_mixin.py:151} INFO - [2023-09-04T19:28:00.652+0000] {dagbag.py:539} INFO - Filling up the DagBag from /opt/airflow/dags/s3_upload_xcom.py
[2023-09-04T19:28:00.755+0000] {processor.py:839} INFO - DAG(s) dict_keys(['s3_upload_xcom']) retrieved from /opt/airflow/dags/s3_upload_xcom.py
[2023-09-04T19:28:00.769+0000] {logging_mixin.py:151} INFO - [2023-09-04T19:28:00.769+0000] {dag.py:2907} INFO - Sync 1 DAGs
[2023-09-04T19:28:00.780+0000] {logging_mixin.py:151} INFO - [2023-09-04T19:28:00.780+0000] {dag.py:3677} INFO - Setting next_dagrun for s3_upload_xcom to 2023-09-01T00:00:00+00:00, run_after=2023-10-01T00:00:00+00:00
[2023-09-04T19:28:00.788+0000] {processor.py:179} INFO - Processing /opt/airflow/dags/s3_upload_xcom.py took 0.145 seconds
[2023-09-04T19:28:31.088+0000] {processor.py:157} INFO - Started process (PID=153) to work on /opt/airflow/dags/s3_upload_xcom.py
[2023-09-04T19:28:31.091+0000] {processor.py:829} INFO - Processing file /opt/airflow/dags/s3_upload_xcom.py for tasks to queue
[2023-09-04T19:28:31.095+0000] {logging_mixin.py:151} INFO - [2023-09-04T19:28:31.094+0000] {dagbag.py:539} INFO - Filling up the DagBag from /opt/airflow/dags/s3_upload_xcom.py
[2023-09-04T19:28:31.194+0000] {processor.py:839} INFO - DAG(s) dict_keys(['s3_upload_xcom']) retrieved from /opt/airflow/dags/s3_upload_xcom.py
[2023-09-04T19:28:31.208+0000] {logging_mixin.py:151} INFO - [2023-09-04T19:28:31.208+0000] {dag.py:2907} INFO - Sync 1 DAGs
[2023-09-04T19:28:31.220+0000] {logging_mixin.py:151} INFO - [2023-09-04T19:28:31.220+0000] {dag.py:3677} INFO - Setting next_dagrun for s3_upload_xcom to 2023-09-01T00:00:00+00:00, run_after=2023-10-01T00:00:00+00:00
[2023-09-04T19:28:31.228+0000] {processor.py:179} INFO - Processing /opt/airflow/dags/s3_upload_xcom.py took 0.146 seconds
[2023-09-04T19:29:01.500+0000] {processor.py:157} INFO - Started process (PID=162) to work on /opt/airflow/dags/s3_upload_xcom.py
[2023-09-04T19:29:01.502+0000] {processor.py:829} INFO - Processing file /opt/airflow/dags/s3_upload_xcom.py for tasks to queue
[2023-09-04T19:29:01.506+0000] {logging_mixin.py:151} INFO - [2023-09-04T19:29:01.505+0000] {dagbag.py:539} INFO - Filling up the DagBag from /opt/airflow/dags/s3_upload_xcom.py
[2023-09-04T19:29:01.610+0000] {processor.py:839} INFO - DAG(s) dict_keys(['s3_upload_xcom']) retrieved from /opt/airflow/dags/s3_upload_xcom.py
[2023-09-04T19:29:01.624+0000] {logging_mixin.py:151} INFO - [2023-09-04T19:29:01.624+0000] {dag.py:2907} INFO - Sync 1 DAGs
[2023-09-04T19:29:01.637+0000] {logging_mixin.py:151} INFO - [2023-09-04T19:29:01.637+0000] {dag.py:3677} INFO - Setting next_dagrun for s3_upload_xcom to 2023-09-01T00:00:00+00:00, run_after=2023-10-01T00:00:00+00:00
[2023-09-04T19:29:01.646+0000] {processor.py:179} INFO - Processing /opt/airflow/dags/s3_upload_xcom.py took 0.152 seconds
[2023-09-04T19:29:31.906+0000] {processor.py:157} INFO - Started process (PID=171) to work on /opt/airflow/dags/s3_upload_xcom.py
[2023-09-04T19:29:31.909+0000] {processor.py:829} INFO - Processing file /opt/airflow/dags/s3_upload_xcom.py for tasks to queue
[2023-09-04T19:29:31.912+0000] {logging_mixin.py:151} INFO - [2023-09-04T19:29:31.911+0000] {dagbag.py:539} INFO - Filling up the DagBag from /opt/airflow/dags/s3_upload_xcom.py
[2023-09-04T19:29:32.008+0000] {processor.py:839} INFO - DAG(s) dict_keys(['s3_upload_xcom']) retrieved from /opt/airflow/dags/s3_upload_xcom.py
[2023-09-04T19:29:32.023+0000] {logging_mixin.py:151} INFO - [2023-09-04T19:29:32.022+0000] {dag.py:2907} INFO - Sync 1 DAGs
[2023-09-04T19:29:32.034+0000] {logging_mixin.py:151} INFO - [2023-09-04T19:29:32.034+0000] {dag.py:3677} INFO - Setting next_dagrun for s3_upload_xcom to 2023-09-01T00:00:00+00:00, run_after=2023-10-01T00:00:00+00:00
[2023-09-04T19:29:32.042+0000] {processor.py:179} INFO - Processing /opt/airflow/dags/s3_upload_xcom.py took 0.140 seconds
[2023-09-04T19:30:02.352+0000] {processor.py:157} INFO - Started process (PID=180) to work on /opt/airflow/dags/s3_upload_xcom.py
[2023-09-04T19:30:02.355+0000] {processor.py:829} INFO - Processing file /opt/airflow/dags/s3_upload_xcom.py for tasks to queue
[2023-09-04T19:30:02.358+0000] {logging_mixin.py:151} INFO - [2023-09-04T19:30:02.358+0000] {dagbag.py:539} INFO - Filling up the DagBag from /opt/airflow/dags/s3_upload_xcom.py
[2023-09-04T19:30:02.458+0000] {processor.py:839} INFO - DAG(s) dict_keys(['s3_upload_xcom']) retrieved from /opt/airflow/dags/s3_upload_xcom.py
[2023-09-04T19:30:02.472+0000] {logging_mixin.py:151} INFO - [2023-09-04T19:30:02.471+0000] {dag.py:2907} INFO - Sync 1 DAGs
[2023-09-04T19:30:02.483+0000] {logging_mixin.py:151} INFO - [2023-09-04T19:30:02.483+0000] {dag.py:3677} INFO - Setting next_dagrun for s3_upload_xcom to 2023-09-01T00:00:00+00:00, run_after=2023-10-01T00:00:00+00:00
[2023-09-04T19:30:02.490+0000] {processor.py:179} INFO - Processing /opt/airflow/dags/s3_upload_xcom.py took 0.143 seconds
[2023-09-04T19:30:32.751+0000] {processor.py:157} INFO - Started process (PID=188) to work on /opt/airflow/dags/s3_upload_xcom.py
[2023-09-04T19:30:32.752+0000] {processor.py:829} INFO - Processing file /opt/airflow/dags/s3_upload_xcom.py for tasks to queue
[2023-09-04T19:30:32.754+0000] {logging_mixin.py:151} INFO - [2023-09-04T19:30:32.754+0000] {dagbag.py:539} INFO - Filling up the DagBag from /opt/airflow/dags/s3_upload_xcom.py
[2023-09-04T19:30:32.853+0000] {processor.py:839} INFO - DAG(s) dict_keys(['s3_upload_xcom']) retrieved from /opt/airflow/dags/s3_upload_xcom.py
[2023-09-04T19:30:32.867+0000] {logging_mixin.py:151} INFO - [2023-09-04T19:30:32.866+0000] {dag.py:2907} INFO - Sync 1 DAGs
[2023-09-04T19:30:32.878+0000] {logging_mixin.py:151} INFO - [2023-09-04T19:30:32.878+0000] {dag.py:3677} INFO - Setting next_dagrun for s3_upload_xcom to 2023-09-01T00:00:00+00:00, run_after=2023-10-01T00:00:00+00:00
[2023-09-04T19:30:32.886+0000] {processor.py:179} INFO - Processing /opt/airflow/dags/s3_upload_xcom.py took 0.138 seconds
[2023-09-04T19:31:03.165+0000] {processor.py:157} INFO - Started process (PID=197) to work on /opt/airflow/dags/s3_upload_xcom.py
[2023-09-04T19:31:03.168+0000] {processor.py:829} INFO - Processing file /opt/airflow/dags/s3_upload_xcom.py for tasks to queue
[2023-09-04T19:31:03.171+0000] {logging_mixin.py:151} INFO - [2023-09-04T19:31:03.170+0000] {dagbag.py:539} INFO - Filling up the DagBag from /opt/airflow/dags/s3_upload_xcom.py
[2023-09-04T19:31:03.272+0000] {processor.py:839} INFO - DAG(s) dict_keys(['s3_upload_xcom']) retrieved from /opt/airflow/dags/s3_upload_xcom.py
[2023-09-04T19:31:03.285+0000] {logging_mixin.py:151} INFO - [2023-09-04T19:31:03.285+0000] {dag.py:2907} INFO - Sync 1 DAGs
[2023-09-04T19:31:03.298+0000] {logging_mixin.py:151} INFO - [2023-09-04T19:31:03.298+0000] {dag.py:3677} INFO - Setting next_dagrun for s3_upload_xcom to 2023-09-01T00:00:00+00:00, run_after=2023-10-01T00:00:00+00:00
[2023-09-04T19:31:03.306+0000] {processor.py:179} INFO - Processing /opt/airflow/dags/s3_upload_xcom.py took 0.146 seconds
[2023-09-04T19:31:33.559+0000] {processor.py:157} INFO - Started process (PID=206) to work on /opt/airflow/dags/s3_upload_xcom.py
[2023-09-04T19:31:33.562+0000] {processor.py:829} INFO - Processing file /opt/airflow/dags/s3_upload_xcom.py for tasks to queue
[2023-09-04T19:31:33.565+0000] {logging_mixin.py:151} INFO - [2023-09-04T19:31:33.565+0000] {dagbag.py:539} INFO - Filling up the DagBag from /opt/airflow/dags/s3_upload_xcom.py
[2023-09-04T19:31:33.666+0000] {processor.py:839} INFO - DAG(s) dict_keys(['s3_upload_xcom']) retrieved from /opt/airflow/dags/s3_upload_xcom.py
[2023-09-04T19:31:33.680+0000] {logging_mixin.py:151} INFO - [2023-09-04T19:31:33.680+0000] {dag.py:2907} INFO - Sync 1 DAGs
[2023-09-04T19:31:33.692+0000] {logging_mixin.py:151} INFO - [2023-09-04T19:31:33.692+0000] {dag.py:3677} INFO - Setting next_dagrun for s3_upload_xcom to 2023-09-01T00:00:00+00:00, run_after=2023-10-01T00:00:00+00:00
[2023-09-04T19:31:33.701+0000] {processor.py:179} INFO - Processing /opt/airflow/dags/s3_upload_xcom.py took 0.147 seconds
[2023-09-04T19:32:03.909+0000] {processor.py:157} INFO - Started process (PID=215) to work on /opt/airflow/dags/s3_upload_xcom.py
[2023-09-04T19:32:03.911+0000] {processor.py:829} INFO - Processing file /opt/airflow/dags/s3_upload_xcom.py for tasks to queue
[2023-09-04T19:32:03.913+0000] {logging_mixin.py:151} INFO - [2023-09-04T19:32:03.913+0000] {dagbag.py:539} INFO - Filling up the DagBag from /opt/airflow/dags/s3_upload_xcom.py
[2023-09-04T19:32:04.020+0000] {processor.py:839} INFO - DAG(s) dict_keys(['s3_upload_xcom']) retrieved from /opt/airflow/dags/s3_upload_xcom.py
[2023-09-04T19:32:04.034+0000] {logging_mixin.py:151} INFO - [2023-09-04T19:32:04.034+0000] {dag.py:2907} INFO - Sync 1 DAGs
[2023-09-04T19:32:04.046+0000] {logging_mixin.py:151} INFO - [2023-09-04T19:32:04.046+0000] {dag.py:3677} INFO - Setting next_dagrun for s3_upload_xcom to 2023-09-01T00:00:00+00:00, run_after=2023-10-01T00:00:00+00:00
[2023-09-04T19:32:04.055+0000] {processor.py:179} INFO - Processing /opt/airflow/dags/s3_upload_xcom.py took 0.150 seconds
[2023-09-04T19:32:34.365+0000] {processor.py:157} INFO - Started process (PID=224) to work on /opt/airflow/dags/s3_upload_xcom.py
[2023-09-04T19:32:34.368+0000] {processor.py:829} INFO - Processing file /opt/airflow/dags/s3_upload_xcom.py for tasks to queue
[2023-09-04T19:32:34.369+0000] {logging_mixin.py:151} INFO - [2023-09-04T19:32:34.369+0000] {dagbag.py:539} INFO - Filling up the DagBag from /opt/airflow/dags/s3_upload_xcom.py
[2023-09-04T19:32:34.468+0000] {processor.py:839} INFO - DAG(s) dict_keys(['s3_upload_xcom']) retrieved from /opt/airflow/dags/s3_upload_xcom.py
[2023-09-04T19:32:34.484+0000] {logging_mixin.py:151} INFO - [2023-09-04T19:32:34.484+0000] {dag.py:2907} INFO - Sync 1 DAGs
[2023-09-04T19:32:34.497+0000] {logging_mixin.py:151} INFO - [2023-09-04T19:32:34.497+0000] {dag.py:3677} INFO - Setting next_dagrun for s3_upload_xcom to 2023-09-01T00:00:00+00:00, run_after=2023-10-01T00:00:00+00:00
[2023-09-04T19:32:34.508+0000] {processor.py:179} INFO - Processing /opt/airflow/dags/s3_upload_xcom.py took 0.145 seconds
[2023-09-04T19:33:04.890+0000] {processor.py:157} INFO - Started process (PID=233) to work on /opt/airflow/dags/s3_upload_xcom.py
[2023-09-04T19:33:04.893+0000] {processor.py:829} INFO - Processing file /opt/airflow/dags/s3_upload_xcom.py for tasks to queue
[2023-09-04T19:33:04.896+0000] {logging_mixin.py:151} INFO - [2023-09-04T19:33:04.896+0000] {dagbag.py:539} INFO - Filling up the DagBag from /opt/airflow/dags/s3_upload_xcom.py
[2023-09-04T19:33:04.997+0000] {processor.py:839} INFO - DAG(s) dict_keys(['s3_upload_xcom']) retrieved from /opt/airflow/dags/s3_upload_xcom.py
[2023-09-04T19:33:05.014+0000] {logging_mixin.py:151} INFO - [2023-09-04T19:33:05.014+0000] {dag.py:2907} INFO - Sync 1 DAGs
[2023-09-04T19:33:05.029+0000] {logging_mixin.py:151} INFO - [2023-09-04T19:33:05.028+0000] {dag.py:3677} INFO - Setting next_dagrun for s3_upload_xcom to 2023-09-01T00:00:00+00:00, run_after=2023-10-01T00:00:00+00:00
[2023-09-04T19:33:05.042+0000] {processor.py:179} INFO - Processing /opt/airflow/dags/s3_upload_xcom.py took 0.157 seconds
[2023-09-04T19:33:20.244+0000] {processor.py:157} INFO - Started process (PID=241) to work on /opt/airflow/dags/s3_upload_xcom.py
[2023-09-04T19:33:20.246+0000] {processor.py:829} INFO - Processing file /opt/airflow/dags/s3_upload_xcom.py for tasks to queue
[2023-09-04T19:33:20.248+0000] {logging_mixin.py:151} INFO - [2023-09-04T19:33:20.248+0000] {dagbag.py:539} INFO - Filling up the DagBag from /opt/airflow/dags/s3_upload_xcom.py
[2023-09-04T19:33:20.259+0000] {logging_mixin.py:151} INFO - [2023-09-04T19:33:20.258+0000] {dagbag.py:347} ERROR - Failed to import: /opt/airflow/dags/s3_upload_xcom.py
Traceback (most recent call last):
  File "/home/airflow/.local/lib/python3.8/site-packages/airflow/models/dagbag.py", line 343, in parse
    loader.exec_module(new_module)
  File "<frozen importlib._bootstrap_external>", line 843, in exec_module
  File "<frozen importlib._bootstrap>", line 219, in _call_with_frames_removed
  File "/opt/airflow/dags/s3_upload_xcom.py", line 46, in <module>
    task_upload_monthly_to_s3 = S3CreateObjectOperator(
  File "/home/airflow/.local/lib/python3.8/site-packages/airflow/models/baseoperator.py", line 436, in apply_defaults
    result = func(self, **kwargs, default_args=default_args)
  File "/home/airflow/.local/lib/python3.8/site-packages/airflow/providers/amazon/aws/operators/s3.py", line 380, in __init__
    super().__init__(**kwargs)
  File "/home/airflow/.local/lib/python3.8/site-packages/airflow/models/baseoperator.py", line 436, in apply_defaults
    result = func(self, **kwargs, default_args=default_args)
  File "/home/airflow/.local/lib/python3.8/site-packages/airflow/models/baseoperator.py", line 793, in __init__
    raise AirflowException(
airflow.exceptions.AirflowException: Invalid arguments were passed to S3CreateObjectOperator (task_id: upload_to_s3_monthly). Invalid arguments were:
**kwargs: {'python_callable': 's3_conn'}
[2023-09-04T19:33:20.260+0000] {processor.py:841} WARNING - No viable dags retrieved from /opt/airflow/dags/s3_upload_xcom.py
[2023-09-04T19:33:20.276+0000] {processor.py:179} INFO - Processing /opt/airflow/dags/s3_upload_xcom.py took 0.034 seconds
[2023-09-04T19:33:45.595+0000] {processor.py:157} INFO - Started process (PID=250) to work on /opt/airflow/dags/s3_upload_xcom.py
[2023-09-04T19:33:45.599+0000] {processor.py:829} INFO - Processing file /opt/airflow/dags/s3_upload_xcom.py for tasks to queue
[2023-09-04T19:33:45.600+0000] {logging_mixin.py:151} INFO - [2023-09-04T19:33:45.600+0000] {dagbag.py:539} INFO - Filling up the DagBag from /opt/airflow/dags/s3_upload_xcom.py
[2023-09-04T19:33:45.621+0000] {processor.py:839} INFO - DAG(s) dict_keys(['s3_upload_xcom']) retrieved from /opt/airflow/dags/s3_upload_xcom.py
[2023-09-04T19:33:45.695+0000] {logging_mixin.py:151} INFO - [2023-09-04T19:33:45.694+0000] {dag.py:2907} INFO - Sync 1 DAGs
[2023-09-04T19:33:45.705+0000] {logging_mixin.py:151} INFO - [2023-09-04T19:33:45.705+0000] {dag.py:3677} INFO - Setting next_dagrun for s3_upload_xcom to 2023-09-01T00:00:00+00:00, run_after=2023-10-01T00:00:00+00:00
[2023-09-04T19:33:45.716+0000] {processor.py:179} INFO - Processing /opt/airflow/dags/s3_upload_xcom.py took 0.124 seconds
[2023-09-04T19:34:15.844+0000] {processor.py:157} INFO - Started process (PID=259) to work on /opt/airflow/dags/s3_upload_xcom.py
[2023-09-04T19:34:15.846+0000] {processor.py:829} INFO - Processing file /opt/airflow/dags/s3_upload_xcom.py for tasks to queue
[2023-09-04T19:34:15.847+0000] {logging_mixin.py:151} INFO - [2023-09-04T19:34:15.847+0000] {dagbag.py:539} INFO - Filling up the DagBag from /opt/airflow/dags/s3_upload_xcom.py
[2023-09-04T19:34:15.856+0000] {processor.py:839} INFO - DAG(s) dict_keys(['s3_upload_xcom']) retrieved from /opt/airflow/dags/s3_upload_xcom.py
[2023-09-04T19:34:15.872+0000] {logging_mixin.py:151} INFO - [2023-09-04T19:34:15.872+0000] {dag.py:2907} INFO - Sync 1 DAGs
[2023-09-04T19:34:15.884+0000] {logging_mixin.py:151} INFO - [2023-09-04T19:34:15.884+0000] {dag.py:3677} INFO - Setting next_dagrun for s3_upload_xcom to 2023-09-01T00:00:00+00:00, run_after=2023-10-01T00:00:00+00:00
[2023-09-04T19:34:15.893+0000] {processor.py:179} INFO - Processing /opt/airflow/dags/s3_upload_xcom.py took 0.051 seconds
[2023-09-04T19:34:46.174+0000] {processor.py:157} INFO - Started process (PID=268) to work on /opt/airflow/dags/s3_upload_xcom.py
[2023-09-04T19:34:46.178+0000] {processor.py:829} INFO - Processing file /opt/airflow/dags/s3_upload_xcom.py for tasks to queue
[2023-09-04T19:34:46.182+0000] {logging_mixin.py:151} INFO - [2023-09-04T19:34:46.181+0000] {dagbag.py:539} INFO - Filling up the DagBag from /opt/airflow/dags/s3_upload_xcom.py
[2023-09-04T19:34:46.201+0000] {processor.py:839} INFO - DAG(s) dict_keys(['s3_upload_xcom']) retrieved from /opt/airflow/dags/s3_upload_xcom.py
[2023-09-04T19:34:46.220+0000] {logging_mixin.py:151} INFO - [2023-09-04T19:34:46.220+0000] {dag.py:2907} INFO - Sync 1 DAGs
[2023-09-04T19:34:46.232+0000] {logging_mixin.py:151} INFO - [2023-09-04T19:34:46.232+0000] {dag.py:3677} INFO - Setting next_dagrun for s3_upload_xcom to 2023-09-01T00:00:00+00:00, run_after=2023-10-01T00:00:00+00:00
[2023-09-04T19:34:46.241+0000] {processor.py:179} INFO - Processing /opt/airflow/dags/s3_upload_xcom.py took 0.073 seconds
[2023-09-04T19:35:16.531+0000] {processor.py:157} INFO - Started process (PID=277) to work on /opt/airflow/dags/s3_upload_xcom.py
[2023-09-04T19:35:16.534+0000] {processor.py:829} INFO - Processing file /opt/airflow/dags/s3_upload_xcom.py for tasks to queue
[2023-09-04T19:35:16.538+0000] {logging_mixin.py:151} INFO - [2023-09-04T19:35:16.537+0000] {dagbag.py:539} INFO - Filling up the DagBag from /opt/airflow/dags/s3_upload_xcom.py
[2023-09-04T19:35:16.555+0000] {processor.py:839} INFO - DAG(s) dict_keys(['s3_upload_xcom']) retrieved from /opt/airflow/dags/s3_upload_xcom.py
[2023-09-04T19:35:16.578+0000] {logging_mixin.py:151} INFO - [2023-09-04T19:35:16.578+0000] {dag.py:2907} INFO - Sync 1 DAGs
[2023-09-04T19:35:16.592+0000] {logging_mixin.py:151} INFO - [2023-09-04T19:35:16.592+0000] {dag.py:3677} INFO - Setting next_dagrun for s3_upload_xcom to 2023-09-01T00:00:00+00:00, run_after=2023-10-01T00:00:00+00:00
[2023-09-04T19:35:16.601+0000] {processor.py:179} INFO - Processing /opt/airflow/dags/s3_upload_xcom.py took 0.074 seconds
[2023-09-04T19:35:46.847+0000] {processor.py:157} INFO - Started process (PID=286) to work on /opt/airflow/dags/s3_upload_xcom.py
[2023-09-04T19:35:46.849+0000] {processor.py:829} INFO - Processing file /opt/airflow/dags/s3_upload_xcom.py for tasks to queue
[2023-09-04T19:35:46.851+0000] {logging_mixin.py:151} INFO - [2023-09-04T19:35:46.851+0000] {dagbag.py:539} INFO - Filling up the DagBag from /opt/airflow/dags/s3_upload_xcom.py
[2023-09-04T19:35:46.864+0000] {processor.py:839} INFO - DAG(s) dict_keys(['s3_upload_xcom']) retrieved from /opt/airflow/dags/s3_upload_xcom.py
[2023-09-04T19:35:46.881+0000] {logging_mixin.py:151} INFO - [2023-09-04T19:35:46.881+0000] {dag.py:2907} INFO - Sync 1 DAGs
[2023-09-04T19:35:46.893+0000] {logging_mixin.py:151} INFO - [2023-09-04T19:35:46.893+0000] {dag.py:3677} INFO - Setting next_dagrun for s3_upload_xcom to 2023-09-01T00:00:00+00:00, run_after=2023-10-01T00:00:00+00:00
[2023-09-04T19:35:46.901+0000] {processor.py:179} INFO - Processing /opt/airflow/dags/s3_upload_xcom.py took 0.058 seconds
[2023-09-04T19:36:17.140+0000] {processor.py:157} INFO - Started process (PID=296) to work on /opt/airflow/dags/s3_upload_xcom.py
[2023-09-04T19:36:17.142+0000] {processor.py:829} INFO - Processing file /opt/airflow/dags/s3_upload_xcom.py for tasks to queue
[2023-09-04T19:36:17.145+0000] {logging_mixin.py:151} INFO - [2023-09-04T19:36:17.145+0000] {dagbag.py:539} INFO - Filling up the DagBag from /opt/airflow/dags/s3_upload_xcom.py
[2023-09-04T19:36:17.163+0000] {processor.py:839} INFO - DAG(s) dict_keys(['s3_upload_xcom']) retrieved from /opt/airflow/dags/s3_upload_xcom.py
[2023-09-04T19:36:17.185+0000] {logging_mixin.py:151} INFO - [2023-09-04T19:36:17.184+0000] {dag.py:2907} INFO - Sync 1 DAGs
[2023-09-04T19:36:17.197+0000] {logging_mixin.py:151} INFO - [2023-09-04T19:36:17.197+0000] {dag.py:3677} INFO - Setting next_dagrun for s3_upload_xcom to 2023-09-01T00:00:00+00:00, run_after=2023-10-01T00:00:00+00:00
[2023-09-04T19:36:17.208+0000] {processor.py:179} INFO - Processing /opt/airflow/dags/s3_upload_xcom.py took 0.072 seconds
[2023-09-04T19:36:47.465+0000] {processor.py:157} INFO - Started process (PID=306) to work on /opt/airflow/dags/s3_upload_xcom.py
[2023-09-04T19:36:47.467+0000] {processor.py:829} INFO - Processing file /opt/airflow/dags/s3_upload_xcom.py for tasks to queue
[2023-09-04T19:36:47.470+0000] {logging_mixin.py:151} INFO - [2023-09-04T19:36:47.470+0000] {dagbag.py:539} INFO - Filling up the DagBag from /opt/airflow/dags/s3_upload_xcom.py
[2023-09-04T19:36:47.488+0000] {processor.py:839} INFO - DAG(s) dict_keys(['s3_upload_xcom']) retrieved from /opt/airflow/dags/s3_upload_xcom.py
[2023-09-04T19:36:47.507+0000] {logging_mixin.py:151} INFO - [2023-09-04T19:36:47.507+0000] {dag.py:2907} INFO - Sync 1 DAGs
[2023-09-04T19:36:47.519+0000] {logging_mixin.py:151} INFO - [2023-09-04T19:36:47.519+0000] {dag.py:3677} INFO - Setting next_dagrun for s3_upload_xcom to 2023-09-01T00:00:00+00:00, run_after=2023-10-01T00:00:00+00:00
[2023-09-04T19:36:47.528+0000] {processor.py:179} INFO - Processing /opt/airflow/dags/s3_upload_xcom.py took 0.068 seconds
[2023-09-04T19:37:17.812+0000] {processor.py:157} INFO - Started process (PID=315) to work on /opt/airflow/dags/s3_upload_xcom.py
[2023-09-04T19:37:17.814+0000] {processor.py:829} INFO - Processing file /opt/airflow/dags/s3_upload_xcom.py for tasks to queue
[2023-09-04T19:37:17.816+0000] {logging_mixin.py:151} INFO - [2023-09-04T19:37:17.816+0000] {dagbag.py:539} INFO - Filling up the DagBag from /opt/airflow/dags/s3_upload_xcom.py
[2023-09-04T19:37:17.830+0000] {processor.py:839} INFO - DAG(s) dict_keys(['s3_upload_xcom']) retrieved from /opt/airflow/dags/s3_upload_xcom.py
[2023-09-04T19:37:17.848+0000] {logging_mixin.py:151} INFO - [2023-09-04T19:37:17.848+0000] {dag.py:2907} INFO - Sync 1 DAGs
[2023-09-04T19:37:17.860+0000] {logging_mixin.py:151} INFO - [2023-09-04T19:37:17.860+0000] {dag.py:3677} INFO - Setting next_dagrun for s3_upload_xcom to 2023-09-01T00:00:00+00:00, run_after=2023-10-01T00:00:00+00:00
[2023-09-04T19:37:17.869+0000] {processor.py:179} INFO - Processing /opt/airflow/dags/s3_upload_xcom.py took 0.061 seconds
[2023-09-04T19:37:48.174+0000] {processor.py:157} INFO - Started process (PID=324) to work on /opt/airflow/dags/s3_upload_xcom.py
[2023-09-04T19:37:48.176+0000] {processor.py:829} INFO - Processing file /opt/airflow/dags/s3_upload_xcom.py for tasks to queue
[2023-09-04T19:37:48.178+0000] {logging_mixin.py:151} INFO - [2023-09-04T19:37:48.178+0000] {dagbag.py:539} INFO - Filling up the DagBag from /opt/airflow/dags/s3_upload_xcom.py
[2023-09-04T19:37:48.201+0000] {processor.py:839} INFO - DAG(s) dict_keys(['s3_upload_xcom']) retrieved from /opt/airflow/dags/s3_upload_xcom.py
[2023-09-04T19:37:48.233+0000] {logging_mixin.py:151} INFO - [2023-09-04T19:37:48.232+0000] {dag.py:2907} INFO - Sync 1 DAGs
[2023-09-04T19:37:48.255+0000] {logging_mixin.py:151} INFO - [2023-09-04T19:37:48.255+0000] {dag.py:3677} INFO - Setting next_dagrun for s3_upload_xcom to 2023-09-01T00:00:00+00:00, run_after=2023-10-01T00:00:00+00:00
[2023-09-04T19:37:48.280+0000] {processor.py:179} INFO - Processing /opt/airflow/dags/s3_upload_xcom.py took 0.110 seconds
[2023-09-04T19:38:18.521+0000] {processor.py:157} INFO - Started process (PID=333) to work on /opt/airflow/dags/s3_upload_xcom.py
[2023-09-04T19:38:18.522+0000] {processor.py:829} INFO - Processing file /opt/airflow/dags/s3_upload_xcom.py for tasks to queue
[2023-09-04T19:38:18.524+0000] {logging_mixin.py:151} INFO - [2023-09-04T19:38:18.524+0000] {dagbag.py:539} INFO - Filling up the DagBag from /opt/airflow/dags/s3_upload_xcom.py
[2023-09-04T19:38:18.534+0000] {processor.py:839} INFO - DAG(s) dict_keys(['s3_upload_xcom']) retrieved from /opt/airflow/dags/s3_upload_xcom.py
[2023-09-04T19:38:18.550+0000] {logging_mixin.py:151} INFO - [2023-09-04T19:38:18.549+0000] {dag.py:2907} INFO - Sync 1 DAGs
[2023-09-04T19:38:18.563+0000] {logging_mixin.py:151} INFO - [2023-09-04T19:38:18.563+0000] {dag.py:3677} INFO - Setting next_dagrun for s3_upload_xcom to 2023-09-01T00:00:00+00:00, run_after=2023-10-01T00:00:00+00:00
[2023-09-04T19:38:18.572+0000] {processor.py:179} INFO - Processing /opt/airflow/dags/s3_upload_xcom.py took 0.054 seconds
[2023-09-04T19:38:48.842+0000] {processor.py:157} INFO - Started process (PID=341) to work on /opt/airflow/dags/s3_upload_xcom.py
[2023-09-04T19:38:48.845+0000] {processor.py:829} INFO - Processing file /opt/airflow/dags/s3_upload_xcom.py for tasks to queue
[2023-09-04T19:38:48.848+0000] {logging_mixin.py:151} INFO - [2023-09-04T19:38:48.848+0000] {dagbag.py:539} INFO - Filling up the DagBag from /opt/airflow/dags/s3_upload_xcom.py
[2023-09-04T19:38:48.871+0000] {processor.py:839} INFO - DAG(s) dict_keys(['s3_upload_xcom']) retrieved from /opt/airflow/dags/s3_upload_xcom.py
[2023-09-04T19:38:48.897+0000] {logging_mixin.py:151} INFO - [2023-09-04T19:38:48.896+0000] {dag.py:2907} INFO - Sync 1 DAGs
[2023-09-04T19:38:48.912+0000] {logging_mixin.py:151} INFO - [2023-09-04T19:38:48.912+0000] {dag.py:3677} INFO - Setting next_dagrun for s3_upload_xcom to 2023-09-01T00:00:00+00:00, run_after=2023-10-01T00:00:00+00:00
[2023-09-04T19:38:48.922+0000] {processor.py:179} INFO - Processing /opt/airflow/dags/s3_upload_xcom.py took 0.084 seconds
[2023-09-04T19:39:19.246+0000] {processor.py:157} INFO - Started process (PID=350) to work on /opt/airflow/dags/s3_upload_xcom.py
[2023-09-04T19:39:19.248+0000] {processor.py:829} INFO - Processing file /opt/airflow/dags/s3_upload_xcom.py for tasks to queue
[2023-09-04T19:39:19.252+0000] {logging_mixin.py:151} INFO - [2023-09-04T19:39:19.251+0000] {dagbag.py:539} INFO - Filling up the DagBag from /opt/airflow/dags/s3_upload_xcom.py
[2023-09-04T19:39:19.270+0000] {processor.py:839} INFO - DAG(s) dict_keys(['s3_upload_xcom']) retrieved from /opt/airflow/dags/s3_upload_xcom.py
[2023-09-04T19:39:19.290+0000] {logging_mixin.py:151} INFO - [2023-09-04T19:39:19.290+0000] {dag.py:2907} INFO - Sync 1 DAGs
[2023-09-04T19:39:19.302+0000] {logging_mixin.py:151} INFO - [2023-09-04T19:39:19.302+0000] {dag.py:3677} INFO - Setting next_dagrun for s3_upload_xcom to 2023-09-01T00:00:00+00:00, run_after=2023-10-01T00:00:00+00:00
[2023-09-04T19:39:19.311+0000] {processor.py:179} INFO - Processing /opt/airflow/dags/s3_upload_xcom.py took 0.070 seconds
[2023-09-04T19:39:49.582+0000] {processor.py:157} INFO - Started process (PID=359) to work on /opt/airflow/dags/s3_upload_xcom.py
[2023-09-04T19:39:49.583+0000] {processor.py:829} INFO - Processing file /opt/airflow/dags/s3_upload_xcom.py for tasks to queue
[2023-09-04T19:39:49.585+0000] {logging_mixin.py:151} INFO - [2023-09-04T19:39:49.585+0000] {dagbag.py:539} INFO - Filling up the DagBag from /opt/airflow/dags/s3_upload_xcom.py
[2023-09-04T19:39:49.595+0000] {processor.py:839} INFO - DAG(s) dict_keys(['s3_upload_xcom']) retrieved from /opt/airflow/dags/s3_upload_xcom.py
[2023-09-04T19:39:49.609+0000] {logging_mixin.py:151} INFO - [2023-09-04T19:39:49.609+0000] {dag.py:2907} INFO - Sync 1 DAGs
[2023-09-04T19:39:49.620+0000] {logging_mixin.py:151} INFO - [2023-09-04T19:39:49.620+0000] {dag.py:3677} INFO - Setting next_dagrun for s3_upload_xcom to 2023-09-01T00:00:00+00:00, run_after=2023-10-01T00:00:00+00:00
[2023-09-04T19:39:49.628+0000] {processor.py:179} INFO - Processing /opt/airflow/dags/s3_upload_xcom.py took 0.048 seconds
[2023-09-04T19:40:19.896+0000] {processor.py:157} INFO - Started process (PID=367) to work on /opt/airflow/dags/s3_upload_xcom.py
[2023-09-04T19:40:19.899+0000] {processor.py:829} INFO - Processing file /opt/airflow/dags/s3_upload_xcom.py for tasks to queue
[2023-09-04T19:40:19.901+0000] {logging_mixin.py:151} INFO - [2023-09-04T19:40:19.901+0000] {dagbag.py:539} INFO - Filling up the DagBag from /opt/airflow/dags/s3_upload_xcom.py
[2023-09-04T19:40:19.914+0000] {processor.py:839} INFO - DAG(s) dict_keys(['s3_upload_xcom']) retrieved from /opt/airflow/dags/s3_upload_xcom.py
[2023-09-04T19:40:19.933+0000] {logging_mixin.py:151} INFO - [2023-09-04T19:40:19.933+0000] {dag.py:2907} INFO - Sync 1 DAGs
[2023-09-04T19:40:19.950+0000] {logging_mixin.py:151} INFO - [2023-09-04T19:40:19.950+0000] {dag.py:3677} INFO - Setting next_dagrun for s3_upload_xcom to 2023-09-01T00:00:00+00:00, run_after=2023-10-01T00:00:00+00:00
[2023-09-04T19:40:19.962+0000] {processor.py:179} INFO - Processing /opt/airflow/dags/s3_upload_xcom.py took 0.068 seconds
[2023-09-04T19:40:50.268+0000] {processor.py:157} INFO - Started process (PID=376) to work on /opt/airflow/dags/s3_upload_xcom.py
[2023-09-04T19:40:50.270+0000] {processor.py:829} INFO - Processing file /opt/airflow/dags/s3_upload_xcom.py for tasks to queue
[2023-09-04T19:40:50.272+0000] {logging_mixin.py:151} INFO - [2023-09-04T19:40:50.272+0000] {dagbag.py:539} INFO - Filling up the DagBag from /opt/airflow/dags/s3_upload_xcom.py
[2023-09-04T19:40:50.284+0000] {processor.py:839} INFO - DAG(s) dict_keys(['s3_upload_xcom']) retrieved from /opt/airflow/dags/s3_upload_xcom.py
[2023-09-04T19:40:50.301+0000] {logging_mixin.py:151} INFO - [2023-09-04T19:40:50.300+0000] {dag.py:2907} INFO - Sync 1 DAGs
[2023-09-04T19:40:50.314+0000] {logging_mixin.py:151} INFO - [2023-09-04T19:40:50.314+0000] {dag.py:3677} INFO - Setting next_dagrun for s3_upload_xcom to 2023-09-01T00:00:00+00:00, run_after=2023-10-01T00:00:00+00:00
[2023-09-04T19:40:50.323+0000] {processor.py:179} INFO - Processing /opt/airflow/dags/s3_upload_xcom.py took 0.058 seconds
[2023-09-04T19:41:20.590+0000] {processor.py:157} INFO - Started process (PID=385) to work on /opt/airflow/dags/s3_upload_xcom.py
[2023-09-04T19:41:20.592+0000] {processor.py:829} INFO - Processing file /opt/airflow/dags/s3_upload_xcom.py for tasks to queue
[2023-09-04T19:41:20.595+0000] {logging_mixin.py:151} INFO - [2023-09-04T19:41:20.594+0000] {dagbag.py:539} INFO - Filling up the DagBag from /opt/airflow/dags/s3_upload_xcom.py
[2023-09-04T19:41:20.609+0000] {processor.py:839} INFO - DAG(s) dict_keys(['s3_upload_xcom']) retrieved from /opt/airflow/dags/s3_upload_xcom.py
[2023-09-04T19:41:20.627+0000] {logging_mixin.py:151} INFO - [2023-09-04T19:41:20.627+0000] {dag.py:2907} INFO - Sync 1 DAGs
[2023-09-04T19:41:20.639+0000] {logging_mixin.py:151} INFO - [2023-09-04T19:41:20.639+0000] {dag.py:3677} INFO - Setting next_dagrun for s3_upload_xcom to 2023-09-01T00:00:00+00:00, run_after=2023-10-01T00:00:00+00:00
[2023-09-04T19:41:20.648+0000] {processor.py:179} INFO - Processing /opt/airflow/dags/s3_upload_xcom.py took 0.062 seconds
[2023-09-04T19:41:50.925+0000] {processor.py:157} INFO - Started process (PID=394) to work on /opt/airflow/dags/s3_upload_xcom.py
[2023-09-04T19:41:50.927+0000] {processor.py:829} INFO - Processing file /opt/airflow/dags/s3_upload_xcom.py for tasks to queue
[2023-09-04T19:41:50.930+0000] {logging_mixin.py:151} INFO - [2023-09-04T19:41:50.929+0000] {dagbag.py:539} INFO - Filling up the DagBag from /opt/airflow/dags/s3_upload_xcom.py
[2023-09-04T19:41:50.946+0000] {processor.py:839} INFO - DAG(s) dict_keys(['s3_upload_xcom']) retrieved from /opt/airflow/dags/s3_upload_xcom.py
[2023-09-04T19:41:50.965+0000] {logging_mixin.py:151} INFO - [2023-09-04T19:41:50.965+0000] {dag.py:2907} INFO - Sync 1 DAGs
[2023-09-04T19:41:50.977+0000] {logging_mixin.py:151} INFO - [2023-09-04T19:41:50.977+0000] {dag.py:3677} INFO - Setting next_dagrun for s3_upload_xcom to 2023-09-01T00:00:00+00:00, run_after=2023-10-01T00:00:00+00:00
[2023-09-04T19:41:50.985+0000] {processor.py:179} INFO - Processing /opt/airflow/dags/s3_upload_xcom.py took 0.065 seconds
[2023-09-04T19:42:21.277+0000] {processor.py:157} INFO - Started process (PID=403) to work on /opt/airflow/dags/s3_upload_xcom.py
[2023-09-04T19:42:21.280+0000] {processor.py:829} INFO - Processing file /opt/airflow/dags/s3_upload_xcom.py for tasks to queue
[2023-09-04T19:42:21.284+0000] {logging_mixin.py:151} INFO - [2023-09-04T19:42:21.283+0000] {dagbag.py:539} INFO - Filling up the DagBag from /opt/airflow/dags/s3_upload_xcom.py
[2023-09-04T19:42:21.301+0000] {processor.py:839} INFO - DAG(s) dict_keys(['s3_upload_xcom']) retrieved from /opt/airflow/dags/s3_upload_xcom.py
[2023-09-04T19:42:21.322+0000] {logging_mixin.py:151} INFO - [2023-09-04T19:42:21.321+0000] {dag.py:2907} INFO - Sync 1 DAGs
[2023-09-04T19:42:21.335+0000] {logging_mixin.py:151} INFO - [2023-09-04T19:42:21.335+0000] {dag.py:3677} INFO - Setting next_dagrun for s3_upload_xcom to 2023-09-01T00:00:00+00:00, run_after=2023-10-01T00:00:00+00:00
[2023-09-04T19:42:21.346+0000] {processor.py:179} INFO - Processing /opt/airflow/dags/s3_upload_xcom.py took 0.075 seconds
[2023-09-04T19:42:51.610+0000] {processor.py:157} INFO - Started process (PID=412) to work on /opt/airflow/dags/s3_upload_xcom.py
[2023-09-04T19:42:51.613+0000] {processor.py:829} INFO - Processing file /opt/airflow/dags/s3_upload_xcom.py for tasks to queue
[2023-09-04T19:42:51.616+0000] {logging_mixin.py:151} INFO - [2023-09-04T19:42:51.616+0000] {dagbag.py:539} INFO - Filling up the DagBag from /opt/airflow/dags/s3_upload_xcom.py
[2023-09-04T19:42:51.634+0000] {processor.py:839} INFO - DAG(s) dict_keys(['s3_upload_xcom']) retrieved from /opt/airflow/dags/s3_upload_xcom.py
[2023-09-04T19:42:51.655+0000] {logging_mixin.py:151} INFO - [2023-09-04T19:42:51.654+0000] {dag.py:2907} INFO - Sync 1 DAGs
[2023-09-04T19:42:51.667+0000] {logging_mixin.py:151} INFO - [2023-09-04T19:42:51.667+0000] {dag.py:3677} INFO - Setting next_dagrun for s3_upload_xcom to 2023-09-01T00:00:00+00:00, run_after=2023-10-01T00:00:00+00:00
[2023-09-04T19:42:51.676+0000] {processor.py:179} INFO - Processing /opt/airflow/dags/s3_upload_xcom.py took 0.072 seconds
[2023-09-04T19:43:21.985+0000] {processor.py:157} INFO - Started process (PID=421) to work on /opt/airflow/dags/s3_upload_xcom.py
[2023-09-04T19:43:21.988+0000] {processor.py:829} INFO - Processing file /opt/airflow/dags/s3_upload_xcom.py for tasks to queue
[2023-09-04T19:43:21.991+0000] {logging_mixin.py:151} INFO - [2023-09-04T19:43:21.991+0000] {dagbag.py:539} INFO - Filling up the DagBag from /opt/airflow/dags/s3_upload_xcom.py
[2023-09-04T19:43:22.010+0000] {processor.py:839} INFO - DAG(s) dict_keys(['s3_upload_xcom']) retrieved from /opt/airflow/dags/s3_upload_xcom.py
[2023-09-04T19:43:22.032+0000] {logging_mixin.py:151} INFO - [2023-09-04T19:43:22.031+0000] {dag.py:2907} INFO - Sync 1 DAGs
[2023-09-04T19:43:22.044+0000] {logging_mixin.py:151} INFO - [2023-09-04T19:43:22.044+0000] {dag.py:3677} INFO - Setting next_dagrun for s3_upload_xcom to 2023-09-01T00:00:00+00:00, run_after=2023-10-01T00:00:00+00:00
[2023-09-04T19:43:22.052+0000] {processor.py:179} INFO - Processing /opt/airflow/dags/s3_upload_xcom.py took 0.073 seconds
[2023-09-04T19:43:39.218+0000] {processor.py:157} INFO - Started process (PID=423) to work on /opt/airflow/dags/s3_upload_xcom.py
[2023-09-04T19:43:39.220+0000] {processor.py:829} INFO - Processing file /opt/airflow/dags/s3_upload_xcom.py for tasks to queue
[2023-09-04T19:43:39.223+0000] {logging_mixin.py:151} INFO - [2023-09-04T19:43:39.223+0000] {dagbag.py:539} INFO - Filling up the DagBag from /opt/airflow/dags/s3_upload_xcom.py
[2023-09-04T19:43:39.244+0000] {processor.py:839} INFO - DAG(s) dict_keys(['s3_upload_xcom']) retrieved from /opt/airflow/dags/s3_upload_xcom.py
[2023-09-04T19:43:39.307+0000] {logging_mixin.py:151} INFO - [2023-09-04T19:43:39.307+0000] {dag.py:2907} INFO - Sync 1 DAGs
[2023-09-04T19:43:39.317+0000] {logging_mixin.py:151} INFO - [2023-09-04T19:43:39.317+0000] {dag.py:3677} INFO - Setting next_dagrun for s3_upload_xcom to 2023-09-01T00:00:00+00:00, run_after=2023-10-01T00:00:00+00:00
[2023-09-04T19:43:39.327+0000] {processor.py:179} INFO - Processing /opt/airflow/dags/s3_upload_xcom.py took 0.115 seconds
[2023-09-04T19:44:09.542+0000] {processor.py:157} INFO - Started process (PID=432) to work on /opt/airflow/dags/s3_upload_xcom.py
[2023-09-04T19:44:09.545+0000] {processor.py:829} INFO - Processing file /opt/airflow/dags/s3_upload_xcom.py for tasks to queue
[2023-09-04T19:44:09.547+0000] {logging_mixin.py:151} INFO - [2023-09-04T19:44:09.547+0000] {dagbag.py:539} INFO - Filling up the DagBag from /opt/airflow/dags/s3_upload_xcom.py
[2023-09-04T19:44:09.562+0000] {processor.py:839} INFO - DAG(s) dict_keys(['s3_upload_xcom']) retrieved from /opt/airflow/dags/s3_upload_xcom.py
[2023-09-04T19:44:09.581+0000] {logging_mixin.py:151} INFO - [2023-09-04T19:44:09.581+0000] {dag.py:2907} INFO - Sync 1 DAGs
[2023-09-04T19:44:09.593+0000] {logging_mixin.py:151} INFO - [2023-09-04T19:44:09.593+0000] {dag.py:3677} INFO - Setting next_dagrun for s3_upload_xcom to 2023-09-01T00:00:00+00:00, run_after=2023-10-01T00:00:00+00:00
[2023-09-04T19:44:09.602+0000] {processor.py:179} INFO - Processing /opt/airflow/dags/s3_upload_xcom.py took 0.065 seconds
[2023-09-04T19:44:39.931+0000] {processor.py:157} INFO - Started process (PID=441) to work on /opt/airflow/dags/s3_upload_xcom.py
[2023-09-04T19:44:39.934+0000] {processor.py:829} INFO - Processing file /opt/airflow/dags/s3_upload_xcom.py for tasks to queue
[2023-09-04T19:44:39.937+0000] {logging_mixin.py:151} INFO - [2023-09-04T19:44:39.937+0000] {dagbag.py:539} INFO - Filling up the DagBag from /opt/airflow/dags/s3_upload_xcom.py
[2023-09-04T19:44:39.954+0000] {processor.py:839} INFO - DAG(s) dict_keys(['s3_upload_xcom']) retrieved from /opt/airflow/dags/s3_upload_xcom.py
[2023-09-04T19:44:39.973+0000] {logging_mixin.py:151} INFO - [2023-09-04T19:44:39.973+0000] {dag.py:2907} INFO - Sync 1 DAGs
[2023-09-04T19:44:39.985+0000] {logging_mixin.py:151} INFO - [2023-09-04T19:44:39.985+0000] {dag.py:3677} INFO - Setting next_dagrun for s3_upload_xcom to 2023-09-01T00:00:00+00:00, run_after=2023-10-01T00:00:00+00:00
[2023-09-04T19:44:39.994+0000] {processor.py:179} INFO - Processing /opt/airflow/dags/s3_upload_xcom.py took 0.068 seconds
[2023-09-04T19:45:10.322+0000] {processor.py:157} INFO - Started process (PID=450) to work on /opt/airflow/dags/s3_upload_xcom.py
[2023-09-04T19:45:10.324+0000] {processor.py:829} INFO - Processing file /opt/airflow/dags/s3_upload_xcom.py for tasks to queue
[2023-09-04T19:45:10.328+0000] {logging_mixin.py:151} INFO - [2023-09-04T19:45:10.327+0000] {dagbag.py:539} INFO - Filling up the DagBag from /opt/airflow/dags/s3_upload_xcom.py
[2023-09-04T19:45:10.346+0000] {processor.py:839} INFO - DAG(s) dict_keys(['s3_upload_xcom']) retrieved from /opt/airflow/dags/s3_upload_xcom.py
[2023-09-04T19:45:10.366+0000] {logging_mixin.py:151} INFO - [2023-09-04T19:45:10.366+0000] {dag.py:2907} INFO - Sync 1 DAGs
[2023-09-04T19:45:10.379+0000] {logging_mixin.py:151} INFO - [2023-09-04T19:45:10.379+0000] {dag.py:3677} INFO - Setting next_dagrun for s3_upload_xcom to 2023-09-01T00:00:00+00:00, run_after=2023-10-01T00:00:00+00:00
[2023-09-04T19:45:10.387+0000] {processor.py:179} INFO - Processing /opt/airflow/dags/s3_upload_xcom.py took 0.071 seconds
[2023-09-04T19:45:34.592+0000] {processor.py:157} INFO - Started process (PID=458) to work on /opt/airflow/dags/s3_upload_xcom.py
[2023-09-04T19:45:34.594+0000] {processor.py:829} INFO - Processing file /opt/airflow/dags/s3_upload_xcom.py for tasks to queue
[2023-09-04T19:45:34.597+0000] {logging_mixin.py:151} INFO - [2023-09-04T19:45:34.597+0000] {dagbag.py:539} INFO - Filling up the DagBag from /opt/airflow/dags/s3_upload_xcom.py
[2023-09-04T19:45:34.619+0000] {processor.py:839} INFO - DAG(s) dict_keys(['s3_upload_xcom']) retrieved from /opt/airflow/dags/s3_upload_xcom.py
[2023-09-04T19:45:34.639+0000] {logging_mixin.py:151} INFO - [2023-09-04T19:45:34.639+0000] {dag.py:2907} INFO - Sync 1 DAGs
[2023-09-04T19:45:34.651+0000] {logging_mixin.py:151} INFO - [2023-09-04T19:45:34.651+0000] {dag.py:3677} INFO - Setting next_dagrun for s3_upload_xcom to 2023-09-01T00:00:00+00:00, run_after=2023-10-01T00:00:00+00:00
[2023-09-04T19:45:34.661+0000] {processor.py:179} INFO - Processing /opt/airflow/dags/s3_upload_xcom.py took 0.073 seconds
[2023-09-04T19:45:41.744+0000] {processor.py:157} INFO - Started process (PID=460) to work on /opt/airflow/dags/s3_upload_xcom.py
[2023-09-04T19:45:41.746+0000] {processor.py:829} INFO - Processing file /opt/airflow/dags/s3_upload_xcom.py for tasks to queue
[2023-09-04T19:45:41.749+0000] {logging_mixin.py:151} INFO - [2023-09-04T19:45:41.749+0000] {dagbag.py:539} INFO - Filling up the DagBag from /opt/airflow/dags/s3_upload_xcom.py
[2023-09-04T19:45:41.771+0000] {processor.py:839} INFO - DAG(s) dict_keys(['s3_upload_xcom']) retrieved from /opt/airflow/dags/s3_upload_xcom.py
[2023-09-04T19:45:41.794+0000] {logging_mixin.py:151} INFO - [2023-09-04T19:45:41.793+0000] {dag.py:2907} INFO - Sync 1 DAGs
[2023-09-04T19:45:41.808+0000] {logging_mixin.py:151} INFO - [2023-09-04T19:45:41.808+0000] {dag.py:3677} INFO - Setting next_dagrun for s3_upload_xcom to 2023-09-01T00:00:00+00:00, run_after=2023-10-01T00:00:00+00:00
[2023-09-04T19:45:41.819+0000] {processor.py:179} INFO - Processing /opt/airflow/dags/s3_upload_xcom.py took 0.079 seconds
[2023-09-04T19:46:12.072+0000] {processor.py:157} INFO - Started process (PID=469) to work on /opt/airflow/dags/s3_upload_xcom.py
[2023-09-04T19:46:12.075+0000] {processor.py:829} INFO - Processing file /opt/airflow/dags/s3_upload_xcom.py for tasks to queue
[2023-09-04T19:46:12.078+0000] {logging_mixin.py:151} INFO - [2023-09-04T19:46:12.078+0000] {dagbag.py:539} INFO - Filling up the DagBag from /opt/airflow/dags/s3_upload_xcom.py
[2023-09-04T19:46:12.095+0000] {processor.py:839} INFO - DAG(s) dict_keys(['s3_upload_xcom']) retrieved from /opt/airflow/dags/s3_upload_xcom.py
[2023-09-04T19:46:12.114+0000] {logging_mixin.py:151} INFO - [2023-09-04T19:46:12.114+0000] {dag.py:2907} INFO - Sync 1 DAGs
[2023-09-04T19:46:12.126+0000] {logging_mixin.py:151} INFO - [2023-09-04T19:46:12.126+0000] {dag.py:3677} INFO - Setting next_dagrun for s3_upload_xcom to 2023-09-01T00:00:00+00:00, run_after=2023-10-01T00:00:00+00:00
[2023-09-04T19:46:12.135+0000] {processor.py:179} INFO - Processing /opt/airflow/dags/s3_upload_xcom.py took 0.069 seconds
[2023-09-04T19:46:42.397+0000] {processor.py:157} INFO - Started process (PID=477) to work on /opt/airflow/dags/s3_upload_xcom.py
[2023-09-04T19:46:42.399+0000] {processor.py:829} INFO - Processing file /opt/airflow/dags/s3_upload_xcom.py for tasks to queue
[2023-09-04T19:46:42.401+0000] {logging_mixin.py:151} INFO - [2023-09-04T19:46:42.400+0000] {dagbag.py:539} INFO - Filling up the DagBag from /opt/airflow/dags/s3_upload_xcom.py
[2023-09-04T19:46:42.420+0000] {processor.py:839} INFO - DAG(s) dict_keys(['s3_upload_xcom']) retrieved from /opt/airflow/dags/s3_upload_xcom.py
[2023-09-04T19:46:42.439+0000] {logging_mixin.py:151} INFO - [2023-09-04T19:46:42.439+0000] {dag.py:2907} INFO - Sync 1 DAGs
[2023-09-04T19:46:42.451+0000] {logging_mixin.py:151} INFO - [2023-09-04T19:46:42.451+0000] {dag.py:3677} INFO - Setting next_dagrun for s3_upload_xcom to 2023-09-01T00:00:00+00:00, run_after=2023-10-01T00:00:00+00:00
[2023-09-04T19:46:42.459+0000] {processor.py:179} INFO - Processing /opt/airflow/dags/s3_upload_xcom.py took 0.068 seconds
[2023-09-04T19:47:12.752+0000] {processor.py:157} INFO - Started process (PID=485) to work on /opt/airflow/dags/s3_upload_xcom.py
[2023-09-04T19:47:12.755+0000] {processor.py:829} INFO - Processing file /opt/airflow/dags/s3_upload_xcom.py for tasks to queue
[2023-09-04T19:47:12.756+0000] {logging_mixin.py:151} INFO - [2023-09-04T19:47:12.756+0000] {dagbag.py:539} INFO - Filling up the DagBag from /opt/airflow/dags/s3_upload_xcom.py
[2023-09-04T19:47:12.773+0000] {processor.py:839} INFO - DAG(s) dict_keys(['s3_upload_xcom']) retrieved from /opt/airflow/dags/s3_upload_xcom.py
[2023-09-04T19:47:12.809+0000] {logging_mixin.py:151} INFO - [2023-09-04T19:47:12.808+0000] {dag.py:2907} INFO - Sync 1 DAGs
[2023-09-04T19:47:12.822+0000] {logging_mixin.py:151} INFO - [2023-09-04T19:47:12.822+0000] {dag.py:3677} INFO - Setting next_dagrun for s3_upload_xcom to 2023-09-01T00:00:00+00:00, run_after=2023-10-01T00:00:00+00:00
[2023-09-04T19:47:12.831+0000] {processor.py:179} INFO - Processing /opt/airflow/dags/s3_upload_xcom.py took 0.084 seconds
[2023-09-04T19:47:23.892+0000] {processor.py:157} INFO - Started process (PID=493) to work on /opt/airflow/dags/s3_upload_xcom.py
[2023-09-04T19:47:23.894+0000] {processor.py:829} INFO - Processing file /opt/airflow/dags/s3_upload_xcom.py for tasks to queue
[2023-09-04T19:47:23.895+0000] {logging_mixin.py:151} INFO - [2023-09-04T19:47:23.895+0000] {dagbag.py:539} INFO - Filling up the DagBag from /opt/airflow/dags/s3_upload_xcom.py
[2023-09-04T19:47:23.918+0000] {processor.py:839} INFO - DAG(s) dict_keys(['s3_upload_xcom']) retrieved from /opt/airflow/dags/s3_upload_xcom.py
[2023-09-04T19:47:23.985+0000] {logging_mixin.py:151} INFO - [2023-09-04T19:47:23.984+0000] {dag.py:2907} INFO - Sync 1 DAGs
[2023-09-04T19:47:23.996+0000] {logging_mixin.py:151} INFO - [2023-09-04T19:47:23.996+0000] {dag.py:3677} INFO - Setting next_dagrun for s3_upload_xcom to 2023-09-01T00:00:00+00:00, run_after=2023-10-01T00:00:00+00:00
[2023-09-04T19:47:24.010+0000] {processor.py:179} INFO - Processing /opt/airflow/dags/s3_upload_xcom.py took 0.124 seconds
[2023-09-04T19:47:54.178+0000] {processor.py:157} INFO - Started process (PID=501) to work on /opt/airflow/dags/s3_upload_xcom.py
[2023-09-04T19:47:54.179+0000] {processor.py:829} INFO - Processing file /opt/airflow/dags/s3_upload_xcom.py for tasks to queue
[2023-09-04T19:47:54.180+0000] {logging_mixin.py:151} INFO - [2023-09-04T19:47:54.180+0000] {dagbag.py:539} INFO - Filling up the DagBag from /opt/airflow/dags/s3_upload_xcom.py
[2023-09-04T19:47:54.193+0000] {processor.py:839} INFO - DAG(s) dict_keys(['s3_upload_xcom']) retrieved from /opt/airflow/dags/s3_upload_xcom.py
[2023-09-04T19:47:54.209+0000] {logging_mixin.py:151} INFO - [2023-09-04T19:47:54.209+0000] {dag.py:2907} INFO - Sync 1 DAGs
[2023-09-04T19:47:54.221+0000] {logging_mixin.py:151} INFO - [2023-09-04T19:47:54.221+0000] {dag.py:3677} INFO - Setting next_dagrun for s3_upload_xcom to 2023-09-01T00:00:00+00:00, run_after=2023-10-01T00:00:00+00:00
[2023-09-04T19:47:54.229+0000] {processor.py:179} INFO - Processing /opt/airflow/dags/s3_upload_xcom.py took 0.054 seconds
[2023-09-04T19:48:24.583+0000] {processor.py:157} INFO - Started process (PID=510) to work on /opt/airflow/dags/s3_upload_xcom.py
[2023-09-04T19:48:24.586+0000] {processor.py:829} INFO - Processing file /opt/airflow/dags/s3_upload_xcom.py for tasks to queue
[2023-09-04T19:48:24.587+0000] {logging_mixin.py:151} INFO - [2023-09-04T19:48:24.587+0000] {dagbag.py:539} INFO - Filling up the DagBag from /opt/airflow/dags/s3_upload_xcom.py
[2023-09-04T19:48:24.609+0000] {processor.py:839} INFO - DAG(s) dict_keys(['s3_upload_xcom']) retrieved from /opt/airflow/dags/s3_upload_xcom.py
[2023-09-04T19:48:24.628+0000] {logging_mixin.py:151} INFO - [2023-09-04T19:48:24.628+0000] {dag.py:2907} INFO - Sync 1 DAGs
[2023-09-04T19:48:24.641+0000] {logging_mixin.py:151} INFO - [2023-09-04T19:48:24.641+0000] {dag.py:3677} INFO - Setting next_dagrun for s3_upload_xcom to 2023-09-01T00:00:00+00:00, run_after=2023-10-01T00:00:00+00:00
[2023-09-04T19:48:24.649+0000] {processor.py:179} INFO - Processing /opt/airflow/dags/s3_upload_xcom.py took 0.071 seconds
[2023-09-04T19:48:54.905+0000] {processor.py:157} INFO - Started process (PID=519) to work on /opt/airflow/dags/s3_upload_xcom.py
[2023-09-04T19:48:54.907+0000] {processor.py:829} INFO - Processing file /opt/airflow/dags/s3_upload_xcom.py for tasks to queue
[2023-09-04T19:48:54.909+0000] {logging_mixin.py:151} INFO - [2023-09-04T19:48:54.909+0000] {dagbag.py:539} INFO - Filling up the DagBag from /opt/airflow/dags/s3_upload_xcom.py
[2023-09-04T19:48:54.931+0000] {processor.py:839} INFO - DAG(s) dict_keys(['s3_upload_xcom']) retrieved from /opt/airflow/dags/s3_upload_xcom.py
[2023-09-04T19:48:54.952+0000] {logging_mixin.py:151} INFO - [2023-09-04T19:48:54.952+0000] {dag.py:2907} INFO - Sync 1 DAGs
[2023-09-04T19:48:54.964+0000] {logging_mixin.py:151} INFO - [2023-09-04T19:48:54.964+0000] {dag.py:3677} INFO - Setting next_dagrun for s3_upload_xcom to 2023-09-01T00:00:00+00:00, run_after=2023-10-01T00:00:00+00:00
[2023-09-04T19:48:54.973+0000] {processor.py:179} INFO - Processing /opt/airflow/dags/s3_upload_xcom.py took 0.073 seconds
[2023-09-04T19:49:25.234+0000] {processor.py:157} INFO - Started process (PID=526) to work on /opt/airflow/dags/s3_upload_xcom.py
[2023-09-04T19:49:25.237+0000] {processor.py:829} INFO - Processing file /opt/airflow/dags/s3_upload_xcom.py for tasks to queue
[2023-09-04T19:49:25.239+0000] {logging_mixin.py:151} INFO - [2023-09-04T19:49:25.238+0000] {dagbag.py:539} INFO - Filling up the DagBag from /opt/airflow/dags/s3_upload_xcom.py
[2023-09-04T19:49:25.260+0000] {processor.py:839} INFO - DAG(s) dict_keys(['s3_upload_xcom']) retrieved from /opt/airflow/dags/s3_upload_xcom.py
[2023-09-04T19:49:25.280+0000] {logging_mixin.py:151} INFO - [2023-09-04T19:49:25.280+0000] {dag.py:2907} INFO - Sync 1 DAGs
[2023-09-04T19:49:25.293+0000] {logging_mixin.py:151} INFO - [2023-09-04T19:49:25.293+0000] {dag.py:3677} INFO - Setting next_dagrun for s3_upload_xcom to 2023-09-01T00:00:00+00:00, run_after=2023-10-01T00:00:00+00:00
[2023-09-04T19:49:25.302+0000] {processor.py:179} INFO - Processing /opt/airflow/dags/s3_upload_xcom.py took 0.074 seconds
[2023-09-04T19:49:55.576+0000] {processor.py:157} INFO - Started process (PID=534) to work on /opt/airflow/dags/s3_upload_xcom.py
[2023-09-04T19:49:55.578+0000] {processor.py:829} INFO - Processing file /opt/airflow/dags/s3_upload_xcom.py for tasks to queue
[2023-09-04T19:49:55.580+0000] {logging_mixin.py:151} INFO - [2023-09-04T19:49:55.580+0000] {dagbag.py:539} INFO - Filling up the DagBag from /opt/airflow/dags/s3_upload_xcom.py
[2023-09-04T19:49:55.602+0000] {processor.py:839} INFO - DAG(s) dict_keys(['s3_upload_xcom']) retrieved from /opt/airflow/dags/s3_upload_xcom.py
[2023-09-04T19:49:55.625+0000] {logging_mixin.py:151} INFO - [2023-09-04T19:49:55.625+0000] {dag.py:2907} INFO - Sync 1 DAGs
[2023-09-04T19:49:55.638+0000] {logging_mixin.py:151} INFO - [2023-09-04T19:49:55.638+0000] {dag.py:3677} INFO - Setting next_dagrun for s3_upload_xcom to 2023-09-01T00:00:00+00:00, run_after=2023-10-01T00:00:00+00:00
[2023-09-04T19:49:55.647+0000] {processor.py:179} INFO - Processing /opt/airflow/dags/s3_upload_xcom.py took 0.078 seconds
[2023-09-04T19:50:25.872+0000] {processor.py:157} INFO - Started process (PID=542) to work on /opt/airflow/dags/s3_upload_xcom.py
[2023-09-04T19:50:25.873+0000] {processor.py:829} INFO - Processing file /opt/airflow/dags/s3_upload_xcom.py for tasks to queue
[2023-09-04T19:50:25.874+0000] {logging_mixin.py:151} INFO - [2023-09-04T19:50:25.874+0000] {dagbag.py:539} INFO - Filling up the DagBag from /opt/airflow/dags/s3_upload_xcom.py
[2023-09-04T19:50:25.893+0000] {processor.py:839} INFO - DAG(s) dict_keys(['s3_upload_xcom']) retrieved from /opt/airflow/dags/s3_upload_xcom.py
[2023-09-04T19:50:25.954+0000] {logging_mixin.py:151} INFO - [2023-09-04T19:50:25.954+0000] {dag.py:2907} INFO - Sync 1 DAGs
[2023-09-04T19:50:25.966+0000] {logging_mixin.py:151} INFO - [2023-09-04T19:50:25.966+0000] {dag.py:3677} INFO - Setting next_dagrun for s3_upload_xcom to 2023-09-01T00:00:00+00:00, run_after=2023-10-01T00:00:00+00:00
[2023-09-04T19:50:25.978+0000] {processor.py:179} INFO - Processing /opt/airflow/dags/s3_upload_xcom.py took 0.110 seconds
[2023-09-04T19:50:56.189+0000] {processor.py:157} INFO - Started process (PID=550) to work on /opt/airflow/dags/s3_upload_xcom.py
[2023-09-04T19:50:56.190+0000] {processor.py:829} INFO - Processing file /opt/airflow/dags/s3_upload_xcom.py for tasks to queue
[2023-09-04T19:50:56.191+0000] {logging_mixin.py:151} INFO - [2023-09-04T19:50:56.191+0000] {dagbag.py:539} INFO - Filling up the DagBag from /opt/airflow/dags/s3_upload_xcom.py
[2023-09-04T19:50:56.204+0000] {processor.py:839} INFO - DAG(s) dict_keys(['s3_upload_xcom']) retrieved from /opt/airflow/dags/s3_upload_xcom.py
[2023-09-04T19:50:56.220+0000] {logging_mixin.py:151} INFO - [2023-09-04T19:50:56.220+0000] {dag.py:2907} INFO - Sync 1 DAGs
[2023-09-04T19:50:56.233+0000] {logging_mixin.py:151} INFO - [2023-09-04T19:50:56.233+0000] {dag.py:3677} INFO - Setting next_dagrun for s3_upload_xcom to 2023-09-01T00:00:00+00:00, run_after=2023-10-01T00:00:00+00:00
[2023-09-04T19:50:56.241+0000] {processor.py:179} INFO - Processing /opt/airflow/dags/s3_upload_xcom.py took 0.055 seconds
